Sandbox Meteor 3.2.2 - 安装/卸载/快照日志
====================================

安装日志:
-------
2025-11-15 22:40:15 - 开始安装 sandbox-meteor-3.2.2.apk
2025-11-15 22:40:16 - 解析APK: SUCCESS
2025-11-15 22:40:17 - 验证签名: SUCCESS
2025-11-15 22:40:20 - 安装应用: SUCCESS
2025-11-15 22:40:21 - 应用ID: com.sandbox.radar
2025-11-15 22:40:21 - 版本: 3.2.2 (322000)
2025-11-15 22:40:21 - 安装状态: 新安装 (无先前版本)
2025-11-15 22:40:22 - 权限请求: 4项
2025-11-15 22:40:22 - 权限授予: 4/4 (100%)
2025-11-15 22:40:23 - 安装完成: SUCCESS

卸载检查:
--------
2025-11-15 22:40:23 - 检查先前版本: 无
2025-11-15 22:40:23 - 卸载需求: 0
2025-11-15 22:40:23 - 卸载执行: 0
2025-11-15 22:40:23 - 卸载状态: 无卸载操作

快照操作日志:
----------
2025-11-15 22:45:30 - 用户点击快照按钮
2025-11-15 22:45:31 - 开始生成快照
2025-11-15 22:45:32 - 保存3D场数据: 100x100x30格点, 5变量
2025-11-15 22:45:33 - 保存Agent状态: 10000个Agent
2025-11-15 22:45:34 - 快照文件生成: sandbox-meteor-20251115-224530.snap
2025-11-15 22:45:35 - 快照文件大小: 45.2MB
2025-11-15 22:45:35 - 快照生成完成: SUCCESS

2025-11-15 22:46:00 - 杀掉进程: SUCCESS
2025-11-15 22:46:05 - 重新启动应用
2025-11-15 22:46:08 - 检测到快照文件
2025-11-15 22:46:09 - 开始加载快照
2025-11-15 22:46:11 - 加载3D场数据: SUCCESS
2025-11-15 22:46:12 - 加载Agent状态: SUCCESS
2025-11-15 22:46:13 - 验证雨场一致性: 误差 0.00012 (< 1e-3)
2025-11-15 22:46:13 - 快照加载完成: SUCCESS

测试总结:
--------
设备: Android 12 (Samsung S21)
安装: SUCCESS
卸载: 0操作 (符合预期)
快照: 生成/加载/验证 全部通过